2026-06-16 17:20:31 | PROVISION_START
2026-06-16 17:20:35 | PROVISION_SKIPPED_ALREADY_EXISTS
2026-06-16 17:28:22 | UPGRADE_CHECK
2026-06-16 17:28:26 | UPGRADE_SKIPPED_ALREADY_AT_TARGET
2026-06-16 17:43:34 | DATA_VERIFY_START
2026-06-16 17:57:35 | DATA_VERIFY_START
2026-06-16 17:57:36 | DATA_VERIFY_SUCCESS
2026-06-16 18:00:04 | DATA_SEED_START
2026-06-16 18:00:06 | DATA_SEED_SUCCESS
2026-06-16 18:06:04 | FULL_VERIFY_SUCCESS
2026-06-16 18:10:07 | FULL_VERIFY_START
2026-06-16 18:10:15 | FULL_VERIFY_SUCCESS
2026-06-16 18:12:21 | FULL_VERIFY_START
2026-06-16 18:12:30 | FULL_VERIFY_SUCCESS
2026-06-16 18:33:51 | ROLLBACK_START
2026-06-16 18:34:02 | ROLLBACK_SUCCESS
2026-06-16 18:51:44 | ROLLBACK_START
2026-06-16 18:53:40 | ROLLBACK_SUCCESS
2026-06-16 19:12:23 | FULL_VERIFY_START
2026-06-16 19:12:31 | FULL_VERIFY_SUCCESS
2026-06-16 19:21:57 | FULL_VERIFY_START
2026-06-16 19:22:03 | FULL_VERIFY_SUCCESS
2026-06-17 04:30:56 | PROVISION_START
2026-06-17 04:30:58 | PROVISION_SKIPPED_ALREADY_EXISTS
2026-06-17 04:31:14 | DATA_SEED_START
2026-06-17 04:31:15 | DATA_SEED_SUCCESS
2026-06-17 04:31:15 | FULL_VERIFY_START
2026-06-17 04:31:20 | FULL_VERIFY_SUCCESS
2026-06-17 04:32:53 | FULL_VERIFY_START
2026-06-17 04:32:59 | FULL_VERIFY_SUCCESS
2026-06-17 04:33:45 | ROLLBACK_START
2026-06-17 04:33:54 | ROLLBACK_SUCCESS
